<?xml version="1.0" encoding="UTF-8"?>
<!-- Generated by org.testng.reporters.JUnitReportReporter -->
<testsuite skipped="0" hostname="03HW056545" name="demos.PropertiesDemo" tests="1" failures="0" timestamp="14 Jun 2019 14:07:01 GMT" time="7.483" errors="0">
  <testcase name="login" time="7.483" classname="demos.PropertiesDemo"/>
</testsuite> <!-- demos.PropertiesDemo -->
